modules/flyright-live-update/android/build/intermediates/manifest_merge_blame_file/debug/processDebugManifest/manifest-merger-blame-debug-report.txt
1<?xml version="1.0" encoding="utf-8"?>
2<manifest xmlns:android="http://schemas.android.com/apk/res/android"
3    package="expo.modules.flyrightliveupdate" >
4
5    <uses-sdk android:minSdkVersion="24" />
6    <!--
7       Install-time permission gating Android 16 Live Update promotion (status-bar
8       chip, lock-screen prominence). Unknown to API <36 installers, so harmless
9       to declare unconditionally.
10    -->
11    <uses-permission android:name="android.permission.POST_PROMOTED_NOTIFICATIONS" />
11-->src/main/AndroidManifest.xml:5:3-84
11-->src/main/AndroidManifest.xml:5:20-81
12
13</manifest>